2024-12-11 00:29:50,569 - root - INFO - Starting application...
2024-12-11 00:29:50,569 - database - INFO - Testing database connection...
2024-12-11 00:29:50,591 - database - INFO - Database connection successful!
2024-12-11 00:29:50,601 - root - INFO - Database tables verified
2024-12-11 00:32:21,906 - middleware.auth - ERROR - Auth error: name 'User' is not defined
2024-12-11 00:32:21,907 - middleware.auth - ERROR - Traceback (most recent call last):
  File "/home/guga-chavle/PycharmProjects/app/middleware/auth.py", line 129, in __call__
    user = db.query(User).filter(User.id == payload["user_id"]).first()
                    ^^^^
NameError: name 'User' is not defined

2024-12-11 00:32:21,908 - database - ERROR - Database session error: 
2024-12-11 00:32:21,909 - database - ERROR - Traceback (most recent call last):
  File "/home/guga-chavle/PycharmProjects/app/middleware/auth.py", line 129, in __call__
    user = db.query(User).filter(User.id == payload["user_id"]).first()
                    ^^^^
NameError: name 'User' is not defined

During handling of the above exception, another exception occurred:

Traceback (most recent call last):
  File "/home/guga-chavle/PycharmProjects/app/database.py", line 48, in get_db
    yield db
fastapi.exceptions.HTTPException

2024-12-11 00:33:49,442 - root - INFO - Shutting down application...
